[2024-08-25 20:44:33,095: INFO: main: >>>>>>> stage Data Ingestion Stage started <<<<<<<<]
[2024-08-25 20:44:33,096: INFO: common: yaml file: config/config.yaml loaded successfully]
[2024-08-25 20:44:33,096: INFO: common: yaml file: params.yaml loaded successfully]
[2024-08-25 20:44:33,096: INFO: common: created directory at: artifacts]
[2024-08-25 20:44:33,096: INFO: common: created directory at: artifacts/data_ingestion]
[2024-08-25 20:44:33,098: INFO: data_ingestion: Kaggle API Authenticated]
[2024-08-25 20:44:33,098: INFO: data_ingestion: Downloading data from mohamedhanyyy/chest-ctscan-images into file artifacts/data_ingestion/]
[2024-08-25 20:44:35,020: INFO: data_ingestion: Downloaded dataset from kaggle to artifacts/data_ingestion/]
[2024-08-25 20:44:35,662: INFO: data_ingestion: Extracted dataset to artifacts/data_ingestion/]
[2024-08-25 20:44:35,662: INFO: main: >>>>>>> stage Data Ingestion Stage completed <<<<<<<<]
[2024-08-25 20:44:35,662: INFO: main: ********************]
[2024-08-25 20:44:35,662: INFO: main: >>>>>>>>Starting Prepare Base Model Stage<<<<<<<<]
[2024-08-25 20:44:35,663: INFO: common: yaml file: config/config.yaml loaded successfully]
[2024-08-25 20:44:35,664: INFO: common: yaml file: params.yaml loaded successfully]
[2024-08-25 20:44:35,664: INFO: common: created directory at: artifacts]
[2024-08-25 20:44:35,664: INFO: common: created directory at: artifacts/prepare_base_model]
[2024-08-25 20:44:35,889: WARNING: saving_api: You are saving your model as an HDF5 file via `model.save()` or `keras.saving.save_model(model)`. This file format is considered legacy. We recommend using instead the native Keras format, e.g. `model.save('my_model.keras')` or `keras.saving.save_model(model, 'my_model.keras')`. ]
[2024-08-25 20:44:35,941: WARNING: saving_api: You are saving your model as an HDF5 file via `model.save()` or `keras.saving.save_model(model)`. This file format is considered legacy. We recommend using instead the native Keras format, e.g. `model.save('my_model.keras')` or `keras.saving.save_model(model, 'my_model.keras')`. ]
[2024-08-25 20:44:35,976: INFO: main: >>>>>>>>Completed Prepare Base Model Stage<<<<<<<<]
[2024-08-25 21:25:59,532: INFO: common: yaml file: config/config.yaml loaded successfully]
[2024-08-25 21:25:59,537: INFO: common: yaml file: params.yaml loaded successfully]
[2024-08-25 21:25:59,539: INFO: common: created directory at: artifacts]
[2024-08-25 21:25:59,545: INFO: common: created directory at: artifacts/training]
[2024-08-25 21:25:59,662: WARNING: saving_utils: Compiled the loaded model, but the compiled metrics have yet to be built. `model.compile_metrics` will be empty until you train or evaluate the model.]
[2024-08-25 21:30:08,930: INFO: common: yaml file: config/config.yaml loaded successfully]
[2024-08-25 21:30:08,932: INFO: common: yaml file: params.yaml loaded successfully]
[2024-08-25 21:30:08,933: INFO: common: created directory at: artifacts]
[2024-08-25 21:30:08,933: INFO: common: created directory at: artifacts/training]
[2024-08-25 21:30:30,210: WARNING: saving_api: You are saving your model as an HDF5 file via `model.save()` or `keras.saving.save_model(model)`. This file format is considered legacy. We recommend using instead the native Keras format, e.g. `model.save('my_model.keras')` or `keras.saving.save_model(model, 'my_model.keras')`. ]
[2024-08-25 21:31:59,005: INFO: common: yaml file: config/config.yaml loaded successfully]
[2024-08-25 21:31:59,007: INFO: common: yaml file: params.yaml loaded successfully]
[2024-08-25 21:31:59,007: INFO: common: created directory at: artifacts]
[2024-08-25 21:31:59,008: INFO: common: created directory at: artifacts/training]
[2024-08-25 21:32:53,282: INFO: common: yaml file: config/config.yaml loaded successfully]
[2024-08-25 21:32:53,284: INFO: common: yaml file: params.yaml loaded successfully]
[2024-08-25 21:32:53,285: INFO: common: created directory at: artifacts]
[2024-08-25 21:32:53,286: INFO: common: created directory at: artifacts/training]
[2024-08-25 21:34:41,540: WARNING: saving_api: You are saving your model as an HDF5 file via `model.save()` or `keras.saving.save_model(model)`. This file format is considered legacy. We recommend using instead the native Keras format, e.g. `model.save('my_model.keras')` or `keras.saving.save_model(model, 'my_model.keras')`. ]
[2024-08-25 21:37:04,485: INFO: common: yaml file: config/config.yaml loaded successfully]
[2024-08-25 21:37:04,487: INFO: common: yaml file: params.yaml loaded successfully]
[2024-08-25 21:37:04,487: INFO: common: created directory at: artifacts]
[2024-08-25 21:37:04,488: INFO: common: created directory at: artifacts/training]
[2024-08-25 21:37:26,225: WARNING: saving_api: You are saving your model as an HDF5 file via `model.save()` or `keras.saving.save_model(model)`. This file format is considered legacy. We recommend using instead the native Keras format, e.g. `model.save('my_model.keras')` or `keras.saving.save_model(model, 'my_model.keras')`. ]
[2024-08-26 14:55:00,939: INFO: common: yaml file: config/config.yaml loaded successfully]
[2024-08-26 14:55:00,941: INFO: common: yaml file: params.yaml loaded successfully]
[2024-08-26 14:55:00,942: INFO: common: created directory at: artifacts]
[2024-08-26 14:55:00,942: INFO: common: created directory at: artifacts/training]
[2024-08-26 14:55:21,952: WARNING: saving_api: You are saving your model as an HDF5 file via `model.save()` or `keras.saving.save_model(model)`. This file format is considered legacy. We recommend using instead the native Keras format, e.g. `model.save('my_model.keras')` or `keras.saving.save_model(model, 'my_model.keras')`. ]
